<?xml version="1.0" encoding="UTF-8"?>
<testsuite xmlns:xsi="http://www.w3.org/2001/XMLSchema-instance" xsi:noNamespaceSchemaLocation="https://maven.apache.org/surefire/maven-surefire-plugin/xsd/surefire-test-report-3.0.xsd" version="3.0" name="StepDefinitions.TestRunner" time="50.723" tests="4" errors="0" skipped="0" failures="0">
  <properties>
[...]
</properties>
  <testcase name="TC02_High Riskprofile able to calculate projected balance at retirement" classname="Calculate Projected balance" time="12.899">
    <system-out><![CDATA[
@tag=
Scenario: TC02_High Riskprofile able to calculate projected balance at retirement # src/test/resources/Features/HighRiskProfileCalculate projected balance.feature:9
C:\Users\Testit\OneDrive\Desktop\WestpacTest\WP-KS_CalcTest4ForDemoTesting
Clicked on main page
  Given user is on KiwisaverretirementCalculator                                  # StepDefinitions.HighRiskProfileCalculateProjectedBalanceSteps.user_is_on_KiwisaverretirementCalculator()
  And user enters Current age is 30years                                          # StepDefinitions.HighRiskProfileCalculateProjectedBalanceSteps.user_enters_Current_age_is_30years()

Employed
  And user enters Employment status as employed                                   # StepDefinitions.HighRiskProfileCalculateProjectedBalanceSteps.user_enters_Employment_status_as_employed()
  And user enters annual salary 82000                                             # StepDefinitions.HighRiskProfileCalculateProjectedBalanceSteps.user_enters_annual_salary_82000()
  And user enters Kiwisaver Contriubtion 4percentage                              # StepDefinitions.HighRiskProfileCalculateProjectedBalanceSteps.user_enters_Kiwisaver_Contriubtion_4percentage()
  And user chooses high risk profile                                              # StepDefinitions.HighRiskProfileCalculateProjectedBalanceSteps.user_chooses_high_risk_profile()
  When user Clicks on View your Kiwisaver Retirement projection                   # StepDefinitions.HighRiskProfileCalculateProjectedBalanceSteps.user_Clicks_on_View_your_Kiwisaver_Retirement_projection()
  Then User able to view Summary                                                  # StepDefinitions.HighRiskProfileCalculateProjectedBalanceSteps.user_able_to_view_Summary()
  Then Checks the Summary Fields                                                  # StepDefinitions.HighRiskProfileCalculateProjectedBalanceSteps.checks_the_Summary_Fields()
]]></system-out>
    <system-err><![CDATA[Jul 10, 2020 10:37:30 AM io.cucumber.junit.Cucumber <init>
WARNING: By default Cucumber is running in --non-strict mode.
This default will change to --strict and --non-strict will be removed.
You can use --strict or @CucumberOptions(strict = true) to suppress this warning
SLF4J: Failed to load class "org.slf4j.impl.StaticLoggerBinder".
SLF4J: Defaulting to no-operation (NOP) logger implementation
SLF4J: See http://www.slf4j.org/codes.html#StaticLoggerBinder for further details.
Starting ChromeDriver 83.0.4103.39 (ccbf011cb2d2b19b506d844400483861342c20cd-refs/branch-heads/4103@{#416}) on port 29853
Only local connections are allowed.
Please see https://chromedriver.chromium.org/security-considerations for suggestions on keeping ChromeDriver safe.
ChromeDriver was started successfully.
Jul 10, 2020 10:37:37 AM org.openqa.selenium.remote.ProtocolHandshake createSession
INFO: Detected dialect: W3C
]]></system-err>
  </testcase>
  <testcase name="TC01_User clicks on infomration icon besides Current age" classname="Westpac KiwiSaver Scheme Retirement Calculator" time="9.241">
    <system-out><![CDATA[
Scenario: TC01_User clicks on infomration icon besides Current age # src/test/resources/Features/KiwiSaverCalculatorSelection.feature:9
C:\Users\Testit\OneDrive\Desktop\WestpacTest\WP-KS_CalcTest4ForDemoTesting
Clicked on main page
I am in the Frame
  Given user is on KiwiSaver Retirement Calculator page            # StepDefinitions.HighRiskProfileCalculateProjectedBalance.user_is_on_KiwiSaver_Retirement_Calculator_page()
  When user clicks information icon besides Current age            # StepDefinitions.HighRiskProfileCalculateProjectedBalance.user_clicks_information_icon_besides_Current_age()
  Then valid help text  message for age  displayed                 # StepDefinitions.HighRiskProfileCalculateProjectedBalance.valid_help_text_message_for_age_displayed()
  When user clicks on Employment status icon                       # StepDefinitions.HighRiskProfileCalculateProjectedBalance.user_clicks_on_Employment_status_icon()
  Then employment status help text displayed                       # StepDefinitions.HighRiskProfileCalculateProjectedBalance.employment_status_help_text_displayed()
  When user clicks on Current KiwiSavebalance icon                 # StepDefinitions.HighRiskProfileCalculateProjectedBalance.user_clicks_on_Current_KiwiSavebalance_icon()
  Then kiwisaver balance information is dispalyed                  # StepDefinitions.HighRiskProfileCalculateProjectedBalance.kiwisaver_balance_information_is_dispalyed()
  When user clicks on voluntary contributions help icon            # StepDefinitions.HighRiskProfileCalculateProjectedBalance.user_clicks_on_voluntary_contributions_help_icon()
  Then volunatry contribution infromation is displayed             # StepDefinitions.HighRiskProfileCalculateProjectedBalance.volunatry_contribution_infromation_is_displayed()
  When user clicks on RiskProfile icon                             # StepDefinitions.HighRiskProfileCalculateProjectedBalance.user_clicks_on_RiskProfile_icon()
  Then riskProfile information help information dsiplayed          # StepDefinitions.HighRiskProfileCalculateProjectedBalance.riskprofile_information_help_information_dsiplayed()
  When user clicks on savings goal at retirement icon              # StepDefinitions.HighRiskProfileCalculateProjectedBalance.user_clicks_on_savings_goal_at_retirement_icon()
  Then savings goal at retirement help information is displayed    # StepDefinitions.HighRiskProfileCalculateProjectedBalance.savings_goal_at_retirement_help_information_is_displayed()
]]></system-out>
    <system-err><![CDATA[Starting ChromeDriver 83.0.4103.39 (ccbf011cb2d2b19b506d844400483861342c20cd-refs/branch-heads/4103@{#416}) on port 15841
Only local connections are allowed.
Please see https://chromedriver.chromium.org/security-considerations for suggestions on keeping ChromeDriver safe.
ChromeDriver was started successfully.
Jul 10, 2020 10:37:46 AM org.openqa.selenium.remote.ProtocolHandshake createSession
INFO: Detected dialect: W3C
]]></system-err>
  </testcase>
  <testcase name="TestCase4_NotEEmployed able to view Projected projected at his retirement" classname="As a Product Owner" time="14.131">
    <system-out><![CDATA[
Scenario: TestCase4_NotEEmployed able to view Projected projected at his retirement # src/test/resources/Features/NotEmployedCalculateProjectedBalance.feature:10
C:\Users\Testit\OneDrive\Desktop\WestpacTest\WP-KS_CalcTest4ForDemoTesting
Clicked on main page
  Given Not Employed is on KiwisaverretirementCalculator                            # StepDefinitions.NotEmployedCalculateProjectedBalanceSteps.not_Employed_is_on_KiwisaverretirementCalculator()
  Given Not Employed enters age 55Years                                             # StepDefinitions.NotEmployedCalculateProjectedBalanceSteps.not_Employed_enters_age_55Years()

Employed
Self-employed
Not employed
  Given Not Employed enters Employment status as Not-employed                       # StepDefinitions.NotEmployedCalculateProjectedBalanceSteps.not_Employed_enters_Employment_status_as_Not_employed()
  Given Not Employed enters kiwisaver balance $140000                               # StepDefinitions.NotEmployedCalculateProjectedBalanceSteps.not_Employed_enters_kiwisaver_balance_$140000()
size:5





  Given Not Employed enters voluntary contribution $10  annually                    # StepDefinitions.NotEmployedCalculateProjectedBalanceSteps.not_Employed_enters_voluntary_contribution_$10_annually()
  Given Not Employed chooses medium risk profile                                    # StepDefinitions.NotEmployedCalculateProjectedBalanceSteps.not_Employed_chooses_medium_risk_profile()
  Given Not Employed saving goals requirement $200000                               # StepDefinitions.NotEmployedCalculateProjectedBalanceSteps.not_Employed_saving_goals_requirement_$200000()
  Then Not Employed able to click KiwiSaver Retirement projection                   # StepDefinitions.NotEmployedCalculateProjectedBalanceSteps.not_Employed_able_to_click_KiwiSaver_Retirement_projection()
  And Not Employed able view Summary                                                # StepDefinitions.NotEmployedCalculateProjectedBalanceSteps.not_Employed_able_view_Summary()
  And Not Employed able to check projected balance                                  # StepDefinitions.NotEmployedCalculateProjectedBalanceSteps.not_Employed_able_to_check_projected_balance()
]]></system-out>
    <system-err><![CDATA[Starting ChromeDriver 83.0.4103.39 (ccbf011cb2d2b19b506d844400483861342c20cd-refs/branch-heads/4103@{#416}) on port 19068
Only local connections are allowed.
Please see https://chromedriver.chromium.org/security-considerations for suggestions on keeping ChromeDriver safe.
ChromeDriver was started successfully.
Jul 10, 2020 10:37:56 AM org.openqa.selenium.remote.ProtocolHandshake createSession
INFO: Detected dialect: W3C
]]></system-err>
  </testcase>
  <testcase name="TestCase3_SelfEmployed able to view Projected projected at his retirement" classname="As a Product Owner" time="13.907">
    <system-out><![CDATA[
Scenario: TestCase3_SelfEmployed able to view Projected projected at his retirement # src/test/resources/Features/SelfEmployedCalculateProjectedBalance.feature:13
C:\Users\Testit\OneDrive\Desktop\WestpacTest\WP-KS_CalcTest4ForDemoTesting
Clicked on main page
  Given self Employed is on KiwisaverretirementCalculator                           # StepDefinitions.SelfEmployedCalculateProjectedBalanceSteps.self_Employed_is_on_KiwisaverretirementCalculator()
  Given self Employed enters age 45Years                                            # StepDefinitions.SelfEmployedCalculateProjectedBalanceSteps.self_Employed_enters_age_45Years()

Employed
Self-employed
  Given self Employed enters Employment status as self-Employed                     # StepDefinitions.SelfEmployedCalculateProjectedBalanceSteps.self_Employed_enters_Employment_status_as_self_Employed()
  Given self Employed enters kiwisaver balance 100000                               # StepDefinitions.SelfEmployedCalculateProjectedBalanceSteps.self_Employed_enters_kiwisaver_balance_100000()
  Given self Employed enters voluntary contribution $90 fortnightly                 # StepDefinitions.SelfEmployedCalculateProjectedBalanceSteps.self_Employed_enters_voluntary_contribution_$90_fortnightly()
  Given self Employed chooses medium risk                                           # StepDefinitions.SelfEmployedCalculateProjectedBalanceSteps.self_Employed_chooses_medium_risk()
  Given self Employed saving goals requirement $290000                              # StepDefinitions.SelfEmployedCalculateProjectedBalanceSteps.self_Employed_saving_goals_requirement_$290000()
  Then self Employed able to click KiwiSaver Retirement projection                  # StepDefinitions.SelfEmployedCalculateProjectedBalanceSteps.self_Employed_able_to_click_KiwiSaver_Retirement_projection()
  And self Employed able view Summary                                               # StepDefinitions.SelfEmployedCalculateProjectedBalanceSteps.self_Employed_able_view_Summary()
  And self Employed able to check projected balance                                 # StepDefinitions.SelfEmployedCalculateProjectedBalanceSteps.self_Employed_able_to_check_projected_balance()
]]></system-out>
    <system-err><![CDATA[Starting ChromeDriver 83.0.4103.39 (ccbf011cb2d2b19b506d844400483861342c20cd-refs/branch-heads/4103@{#416}) on port 15055
Only local connections are allowed.
Please see https://chromedriver.chromium.org/security-considerations for suggestions on keeping ChromeDriver safe.
ChromeDriver was started successfully.
Jul 10, 2020 10:38:10 AM org.openqa.selenium.remote.ProtocolHandshake createSession
INFO: Detected dialect: W3C
]]></system-err>
  </testcase>
</testsuite>